<?xml version="1.0" encoding="UTF-8"?>
<testsuite xmlns:xsi="http://www.w3.org/2001/XMLSchema-instance" xsi:noNamespaceSchemaLocation="https://maven.apache.org/surefire/maven-surefire-plugin/xsd/surefire-test-report-3.0.xsd" version="3.0" name="com.waytodine.waytodine.WaytodineApplicationTests" time="27.348" tests="1" errors="0" skipped="0" failures="0">
  <properties>
[...]
</properties>
  <testcase name="contextLoads" classname="com.waytodine.waytodine.WaytodineApplicationTests" time="2.498">
    <system-out><![CDATA[12:12:49.405 [main] INFO org.springframework.test.context.support.AnnotationConfigContextLoaderUtils -- Could not detect default configuration classes for test class [com.waytodine.waytodine.WaytodineApplicationTests]: WaytodineApplicationTests does not declare any static, non-private, non-final, nested classes annotated with @Configuration.
12:12:49.769 [main] INFO org.springframework.boot.test.context.SpringBootTestContextBootstrapper -- Found @SpringBootConfiguration com.waytodine.waytodine.WaytodineApplication for test class com.waytodine.waytodine.WaytodineApplicationTests

  .   ____          _            __ _ _
 /\\ / ___'_ __ _ _(_)_ __  __ _ \ \ \ \
( ( )\___ | '_ | '_| | '_ \/ _` | \ \ \ \
 \\/  ___)| |_)| | | | | || (_| |  ) ) ) )
  '  |____| .__|_| |_|_| |_\__, | / / / /
 =========|_|==============|___/=/_/_/_/

 :: Spring Boot ::                (v3.3.5)

2024-12-07T12:12:51.604+05:30  INFO 19356 --- [waytodine] [           main] c.w.waytodine.WaytodineApplicationTests  : Starting WaytodineApplicationTests using Java 17.0.11 with PID 19356 (started by DELL in E:\WayToDine\Backend\waytodine)
2024-12-07T12:12:51.609+05:30  INFO 19356 --- [waytodine] [           main] c.w.waytodine.WaytodineApplicationTests  : No active profile set, falling back to 1 default profile: "default"
2024-12-07T12:12:55.040+05:30  INFO 19356 --- [waytodine] [           main] .s.d.r.c.RepositoryConfigurationDelegate : Bootstrapping Spring Data JPA repositories in DEFAULT mode.
2024-12-07T12:12:55.383+05:30  INFO 19356 --- [waytodine] [           main] .s.d.r.c.RepositoryConfigurationDelegate : Finished Spring Data repository scanning in 320 ms. Found 8 JPA repository interfaces.
2024-12-07T12:12:57.516+05:30  INFO 19356 --- [waytodine] [           main] o.hibernate.jpa.internal.util.LogHelper  : HHH000204: Processing PersistenceUnitInfo [name: default]
2024-12-07T12:12:57.800+05:30  INFO 19356 --- [waytodine] [           main] org.hibernate.Version                    : HHH000412: Hibernate ORM core version 6.5.3.Final
2024-12-07T12:12:57.968+05:30  INFO 19356 --- [waytodine] [           main] o.h.c.internal.RegionFactoryInitiator    : HHH000026: Second-level cache disabled
2024-12-07T12:12:59.307+05:30  INFO 19356 --- [waytodine] [           main] o.s.o.j.p.SpringPersistenceUnitInfo      : No LoadTimeWeaver setup: ignoring JPA class transformer
2024-12-07T12:12:59.466+05:30  INFO 19356 --- [waytodine] [           main] com.zaxxer.hikari.HikariDataSource       : HikariPool-1 - Starting...
2024-12-07T12:13:00.221+05:30  INFO 19356 --- [waytodine] [           main] com.zaxxer.hikari.pool.HikariPool        : HikariPool-1 - Added connection org.postgresql.jdbc.PgConnection@62faf77
2024-12-07T12:13:00.228+05:30  INFO 19356 --- [waytodine] [           main] com.zaxxer.hikari.HikariDataSource       : HikariPool-1 - Start completed.
2024-12-07T12:13:06.817+05:30  INFO 19356 --- [waytodine] [           main] o.h.e.t.j.p.i.JtaPlatformInitiator       : HHH000489: No JTA platform available (set 'hibernate.transaction.jta.platform' to enable JTA platform integration)
2024-12-07T12:13:07.316+05:30  INFO 19356 --- [waytodine] [           main] j.LocalContainerEntityManagerFactoryBean : Initialized JPA EntityManagerFactory for persistence unit 'default'
2024-12-07T12:13:08.623+05:30  INFO 19356 --- [waytodine] [           main] o.s.d.j.r.query.QueryEnhancerFactory     : Hibernate is in classpath; If applicable, HQL parser will be used.
2024-12-07T12:13:11.263+05:30  WARN 19356 --- [waytodine] [           main] JpaBaseConfiguration$JpaWebConfiguration : spring.jpa.open-in-view is enabled by default. Therefore, database queries may be performed during view rendering. Explicitly configure spring.jpa.open-in-view to disable this warning
2024-12-07T12:13:13.518+05:30  INFO 19356 --- [waytodine] [           main] c.w.waytodine.WaytodineApplicationTests  : Started WaytodineApplicationTests in 23.095 seconds (process running for 27.88)
]]></system-out>
  </testcase>
</testsuite>