<?xml version="1.0" encoding="UTF-8"?>
<testsuite xmlns:xsi="http://www.w3.org/2001/XMLSchema-instance" xsi:noNamespaceSchemaLocation="https://maven.apache.org/surefire/maven-surefire-plugin/xsd/surefire-test-report-3.0.xsd" version="3.0" name="com.waytodine.waytodine.WaytodineApplicationTests" time="37.115" tests="1" errors="0" skipped="0" failures="0">
  <properties>
[...]
</properties>
  <testcase name="contextLoads" classname="com.waytodine.waytodine.WaytodineApplicationTests" time="1.312">
    <system-out><![CDATA[15:49:58.250 [main] INFO org.springframework.test.context.support.AnnotationConfigContextLoaderUtils -- Could not detect default configuration classes for test class [com.waytodine.waytodine.WaytodineApplicationTests]: WaytodineApplicationTests does not declare any static, non-private, non-final, nested classes annotated with @Configuration.
15:49:58.574 [main] INFO org.springframework.boot.test.context.SpringBootTestContextBootstrapper -- Found @SpringBootConfiguration com.waytodine.waytodine.WaytodineApplication for test class com.waytodine.waytodine.WaytodineApplicationTests

  .   ____          _            __ _ _
 /\\ / ___'_ __ _ _(_)_ __  __ _ \ \ \ \
( ( )\___ | '_ | '_| | '_ \/ _` | \ \ \ \
 \\/  ___)| |_)| | | | | || (_| |  ) ) ) )
  '  |____| .__|_| |_|_| |_\__, | / / / /
 =========|_|==============|___/=/_/_/_/

 :: Spring Boot ::                (v3.3.5)

2024-12-08T15:49:59.751+05:30  INFO 6676 --- [waytodine] [           main] c.w.waytodine.WaytodineApplicationTests  : Starting WaytodineApplicationTests using Java 17.0.11 with PID 6676 (started by DELL in E:\WayToDine\Backend\waytodine)
2024-12-08T15:49:59.756+05:30  INFO 6676 --- [waytodine] [           main] c.w.waytodine.WaytodineApplicationTests  : No active profile set, falling back to 1 default profile: "default"
2024-12-08T15:50:03.051+05:30  INFO 6676 --- [waytodine] [           main] .s.d.r.c.RepositoryConfigurationDelegate : Bootstrapping Spring Data JPA repositories in DEFAULT mode.
2024-12-08T15:50:03.403+05:30  INFO 6676 --- [waytodine] [           main] .s.d.r.c.RepositoryConfigurationDelegate : Finished Spring Data repository scanning in 318 ms. Found 8 JPA repository interfaces.
2024-12-08T15:50:05.606+05:30  INFO 6676 --- [waytodine] [           main] o.hibernate.jpa.internal.util.LogHelper  : HHH000204: Processing PersistenceUnitInfo [name: default]
2024-12-08T15:50:05.983+05:30  INFO 6676 --- [waytodine] [           main] org.hibernate.Version                    : HHH000412: Hibernate ORM core version 6.5.3.Final
2024-12-08T15:50:06.123+05:30  INFO 6676 --- [waytodine] [           main] o.h.c.internal.RegionFactoryInitiator    : HHH000026: Second-level cache disabled
2024-12-08T15:50:07.454+05:30  INFO 6676 --- [waytodine] [           main] o.s.o.j.p.SpringPersistenceUnitInfo      : No LoadTimeWeaver setup: ignoring JPA class transformer
2024-12-08T15:50:07.601+05:30  INFO 6676 --- [waytodine] [           main] com.zaxxer.hikari.HikariDataSource       : HikariPool-1 - Starting...
2024-12-08T15:50:11.181+05:30  INFO 6676 --- [waytodine] [           main] com.zaxxer.hikari.pool.HikariPool        : HikariPool-1 - Added connection org.postgresql.jdbc.PgConnection@2d9de284
2024-12-08T15:50:11.184+05:30  INFO 6676 --- [waytodine] [           main] com.zaxxer.hikari.HikariDataSource       : HikariPool-1 - Start completed.
2024-12-08T15:50:11.509+05:30  WARN 6676 --- [waytodine] [           main] org.hibernate.orm.deprecation            : HHH90000025: PostgreSQLDialect does not need to be specified explicitly using 'hibernate.dialect' (remove the property setting and it will be selected by default)
2024-12-08T15:50:15.557+05:30  INFO 6676 --- [waytodine] [           main] o.h.e.t.j.p.i.JtaPlatformInitiator       : HHH000489: No JTA platform available (set 'hibernate.transaction.jta.platform' to enable JTA platform integration)
2024-12-08T15:50:30.071+05:30  INFO 6676 --- [waytodine] [           main] j.LocalContainerEntityManagerFactoryBean : Initialized JPA EntityManagerFactory for persistence unit 'default'
2024-12-08T15:50:30.842+05:30  INFO 6676 --- [waytodine] [           main] o.s.d.j.r.query.QueryEnhancerFactory     : Hibernate is in classpath; If applicable, HQL parser will be used.
2024-12-08T15:50:32.519+05:30  WARN 6676 --- [waytodine] [           main] JpaBaseConfiguration$JpaWebConfiguration : spring.jpa.open-in-view is enabled by default. Therefore, database queries may be performed during view rendering. Explicitly configure spring.jpa.open-in-view to disable this warning
2024-12-08T15:50:33.498+05:30  INFO 6676 --- [waytodine] [           main] c.w.waytodine.WaytodineApplicationTests  : Started WaytodineApplicationTests in 34.461 seconds (process running for 38.172)
]]></system-out>
  </testcase>
</testsuite>